GROUP,PACKAGE,CLASS,INSTRUCTION_MISSED,INSTRUCTION_COVERED,BRANCH_MISSED,BRANCH_COVERED,LINE_MISSED,LINE_COVERED,COMPLEXITY_MISSED,COMPLEXITY_COVERED,METHOD_MISSED,METHOD_COVERED
LEB App Server,com.leb.app.web.rest.vm,LoginVM,30,0,0,0,11,0,8,0,8,0
LEB App Server,com.leb.app.web.rest.vm,KeyAndPasswordVM,17,0,0,0,7,0,5,0,5,0
LEB App Server,com.leb.app.web.rest.vm,ManagedUserVM,14,0,0,0,6,0,4,0,4,0
LEB App Server,com.leb.app.security.jwt,JWTFilter,0,51,0,8,0,14,0,7,0,3
LEB App Server,com.leb.app.security.jwt,TokenProvider,10,170,2,4,1,39,2,6,0,5
LEB App Server,com.leb.app.security.jwt,JWTConfigurer,18,0,0,0,6,0,2,0,2,0
LEB App Server,com.leb.app.config,LocaleConfiguration,24,0,0,0,8,0,3,0,3,0
LEB App Server,com.leb.app.config,LoggingConfiguration,53,0,8,0,15,0,5,0,1,0
LEB App Server,com.leb.app.config,SecurityConfiguration,237,0,0,0,56,0,5,0,5,0
LEB App Server,com.leb.app.config,AsyncConfiguration,50,0,0,0,12,0,3,0,3,0
LEB App Server,com.leb.app.config,CacheConfiguration,185,0,2,0,43,0,10,0,9,0
LEB App Server,com.leb.app.config,DateTimeFormatConfiguration,14,0,0,0,5,0,2,0,2,0
LEB App Server,com.leb.app.config,ApplicationProperties,3,0,0,0,1,0,1,0,1,0
LEB App Server,com.leb.app.config,StaticResourcesWebConfiguration,0,70,0,0,0,13,0,7,0,7
LEB App Server,com.leb.app.config,LiquibaseConfiguration,95,0,2,0,24,0,3,0,2,0
LEB App Server,com.leb.app.config,LoggingAspectConfiguration,8,0,0,0,2,0,2,0,2,0
LEB App Server,com.leb.app.config,JacksonConfiguration,23,0,0,0,6,0,6,0,6,0
LEB App Server,com.leb.app.config,WebConfigurer,12,136,5,7,3,36,5,7,0,6
LEB App Server,com.leb.app.config,DatabaseConfiguration,3,0,0,0,1,0,1,0,1,0
LEB App Server,com.leb.app.service.criteria,RequestCriteria.StatusFilter,12,0,0,0,4,0,3,0,3,0
LEB App Server,com.leb.app.service.criteria,UserInfoCriteria,320,0,54,0,66,0,51,0,24,0
LEB App Server,com.leb.app.service.criteria,RequestCriteria,931,0,158,0,183,0,142,0,63,0
LEB App Server,com.leb.app.service.criteria,DeliveryManCriteria,461,0,78,0,93,0,72,0,33,0
LEB App Server,com.leb.app.service.criteria,DimensionsCriteria,273,0,46,0,57,0,44,0,21,0
LEB App Server,com.leb.app.service.criteria,PointCriteria,461,0,78,0,93,0,72,0,33,0
LEB App Server,com.leb.app.service.criteria,ZoneCriteria,226,0,38,0,48,0,37,0,18,0
LEB App Server,com.leb.app.service.criteria,RidePathCriteria,367,0,62,0,75,0,58,0,27,0
LEB App Server,com.leb.app.service.criteria,TransporterCriteria,508,0,86,0,102,0,79,0,36,0
LEB App Server,com.leb.app.service.criteria,ProducerCriteria,414,0,70,0,84,0,65,0,30,0
LEB App Server,com.leb.app.domain,AbstractAuditingEntity,16,21,0,0,8,9,4,5,4,5
LEB App Server,com.leb.app.domain,Request_,3,0,0,0,1,0,1,0,1,0
LEB App Server,com.leb.app.domain,Transporter,169,80,5,7,58,25,31,15,28,12
LEB App Server,com.leb.app.domain,UserInfo,64,65,1,7,28,21,15,14,14,11
LEB App Server,com.leb.app.domain,Authority,21,14,4,0,6,5,4,4,2,4
LEB App Server,com.leb.app.domain,Zone_,3,0,0,0,1,0,1,0,1,0
LEB App Server,com.leb.app.domain,Dimensions,58,55,5,7,24,17,13,12,10,9
LEB App Server,com.leb.app.domain,Dimensions_,3,0,0,0,1,0,1,0,1,0
LEB App Server,com.leb.app.domain,User_,3,0,0,0,1,0,1,0,1,0
LEB App Server,com.leb.app.domain,User,70,83,8,0,17,33,14,20,10,20
LEB App Server,com.leb.app.domain,Point_,3,0,0,0,1,0,1,0,1,0
LEB App Server,com.leb.app.domain,Transporter_,3,0,0,0,1,0,1,0,1,0
LEB App Server,com.leb.app.domain,AbstractAuditingEntity_,3,0,0,0,1,0,1,0,1,0
LEB App Server,com.leb.app.domain,Zone,105,55,5,7,33,15,18,10,15,7
LEB App Server,com.leb.app.domain,RidePath,156,70,9,7,49,21,28,13,23,10
LEB App Server,com.leb.app.domain,Request,331,41,6,8,115,14,72,6,67,4
LEB App Server,com.leb.app.domain,Point,129,70,5,7,48,22,27,14,24,11
LEB App Server,com.leb.app.domain,DeliveryMan_,3,0,0,0,1,0,1,0,1,0
LEB App Server,com.leb.app.domain,DeliveryMan,85,70,1,7,37,23,20,15,19,12
LEB App Server,com.leb.app.domain,Authority_,3,0,0,0,1,0,1,0,1,0
LEB App Server,com.leb.app.domain,Producer,117,70,5,7,43,22,24,14,21,11
LEB App Server,com.leb.app.domain,RidePath_,3,0,0,0,1,0,1,0,1,0
LEB App Server,com.leb.app.domain,UserInfo_,3,0,0,0,1,0,1,0,1,0
LEB App Server,com.leb.app.domain,Producer_,3,0,0,0,1,0,1,0,1,0
LEB App Server,com.leb.app.service.impl,DeliveryManServiceImpl,119,0,0,0,25,0,8,0,8,0
LEB App Server,com.leb.app.service.impl,DimensionsServiceImpl,146,0,2,0,30,0,10,0,9,0
LEB App Server,com.leb.app.service.impl,RequestServiceImpl,114,0,0,0,24,0,7,0,7,0
LEB App Server,com.leb.app.service.impl,ZoneServiceImpl,125,0,0,0,25,0,8,0,8,0
LEB App Server,com.leb.app.service.impl,PointServiceImpl,119,0,0,0,25,0,8,0,8,0
LEB App Server,com.leb.app.service.impl,UserInfoServiceImpl,115,0,0,0,24,0,7,0,7,0
LEB App Server,com.leb.app.service.impl,RidePathServiceImpl,115,0,0,0,24,0,7,0,7,0
LEB App Server,com.leb.app.service.impl,ProducerServiceImpl,119,0,0,0,25,0,8,0,8,0
LEB App Server,com.leb.app.service.impl,TransporterServiceImpl,130,0,0,0,26,0,9,0,9,0
LEB App Server,com.leb.app.service.mapper,DimensionsMapperImpl,161,0,24,0,47,0,19,0,7,0
LEB App Server,com.leb.app.service.mapper,UserMapper,102,118,12,6,27,33,12,11,6,8
LEB App Server,com.leb.app.service.mapper,DeliveryManMapperImpl,244,0,32,0,62,0,22,0,6,0
LEB App Server,com.leb.app.service.mapper,TransporterMapperImpl,336,0,44,0,83,0,30,0,8,0
LEB App Server,com.leb.app.service.mapper,RequestMapperImpl,405,0,52,0,102,0,32,0,6,0
LEB App Server,com.leb.app.service.mapper,PointMapperImpl,241,0,32,0,63,0,23,0,7,0
LEB App Server,com.leb.app.service.mapper,ZoneMapperImpl,211,0,30,0,57,0,23,0,8,0
LEB App Server,com.leb.app.service.mapper,ProducerMapperImpl,217,0,30,0,59,0,22,0,7,0
LEB App Server,com.leb.app.service.mapper,RidePathMapperImpl,213,0,30,0,58,0,23,0,8,0
LEB App Server,com.leb.app.service.mapper,UserInfoMapperImpl,191,0,28,0,55,0,21,0,7,0
LEB App Server,com.leb.app,ApplicationWebXml,15,0,0,0,3,0,2,0,2,0
LEB App Server,com.leb.app,LebAppServerApp,139,0,8,0,34,0,10,0,6,0
LEB App Server,com.leb.app.domain.enumeration,Status,144,0,0,0,15,0,1,0,1,0
LEB App Server,com.leb.app.security,UserNotActivatedException,9,0,0,0,4,0,2,0,2,0
LEB App Server,com.leb.app.security,SpringSecurityAuditorAware,9,0,0,0,2,0,2,0,2,0
LEB App Server,com.leb.app.security,SecurityUtils,11,78,5,9,4,16,5,10,0,8
LEB App Server,com.leb.app.security,DomainUserDetailsService,107,0,4,0,23,0,10,0,8,0
LEB App Server,com.leb.app.aop.logging,LoggingAspect,116,0,10,0,27,0,11,0,6,0
LEB App Server,com.leb.app.service.dto,PasswordChangeDTO,26,0,0,0,12,0,6,0,6,0
LEB App Server,com.leb.app.service.dto,DeliveryManDTO,34,85,1,5,17,30,9,16,8,14
LEB App Server,com.leb.app.service.dto,DimensionsDTO,14,60,1,5,7,20,4,11,3,9
LEB App Server,com.leb.app.service.dto,TransporterDTO,34,90,1,5,17,31,9,16,8,14
LEB App Server,com.leb.app.service.dto,ZoneDTO,10,60,1,5,5,19,3,10,2,8
LEB App Server,com.leb.app.service.dto,AdminUserDTO,211,97,0,0,70,27,44,11,44,11
LEB App Server,com.leb.app.service.dto,RequestDTO,74,135,1,5,37,50,19,26,18,24
LEB App Server,com.leb.app.service.dto,UserInfoDTO,22,70,1,5,11,24,6,13,5,11
LEB App Server,com.leb.app.service.dto,RidePathDTO,18,65,1,5,9,22,5,12,4,10
LEB App Server,com.leb.app.service.dto,PointDTO,30,80,1,5,15,28,8,15,7,13
LEB App Server,com.leb.app.service.dto,ProducerDTO,26,75,1,5,13,26,7,14,6,12
LEB App Server,com.leb.app.service.dto,UserDTO,23,11,0,0,9,4,6,1,6,1
LEB App Server,com.leb.app.web.rest.errors,FieldErrorVM,21,0,0,0,8,0,4,0,4,0
LEB App Server,com.leb.app.web.rest.errors,BadRequestAlertException,48,0,0,0,12,0,5,0,5,0
LEB App Server,com.leb.app.web.rest.errors,LoginAlreadyUsedException,7,0,0,0,2,0,1,0,1,0
LEB App Server,com.leb.app.web.rest.errors,InvalidPasswordException,6,0,0,0,2,0,1,0,1,0
LEB App Server,com.leb.app.web.rest.errors,ExceptionTranslator,409,0,26,0,91,0,28,0,15,0
LEB App Server,com.leb.app.web.rest.errors,EmailAlreadyUsedException,7,0,0,0,2,0,1,0,1,0
LEB App Server,com.leb.app.web.rest.errors,ErrorConstants,16,0,0,0,5,0,1,0,1,0
LEB App Server,com.leb.app.web.rest,UserResource,253,0,16,0,47,0,16,0,8,0
LEB App Server,com.leb.app.web.rest,AccountResource,204,0,24,0,55,0,24,0,12,0
LEB App Server,com.leb.app.web.rest,DeliveryManResource,240,0,14,0,51,0,15,0,8,0
LEB App Server,com.leb.app.web.rest,PublicUserResource,88,0,2,0,14,0,6,0,5,0
LEB App Server,com.leb.app.web.rest,ZoneResource,240,0,14,0,51,0,15,0,8,0
LEB App Server,com.leb.app.web.rest,ProducerResource,240,0,14,0,51,0,15,0,8,0
LEB App Server,com.leb.app.web.rest,TransporterResource,240,0,14,0,51,0,15,0,8,0
LEB App Server,com.leb.app.web.rest,UserJWTController,160,0,8,0,32,0,7,0,3,0
LEB App Server,com.leb.app.web.rest,RidePathResource,240,0,14,0,51,0,15,0,8,0
LEB App Server,com.leb.app.web.rest,AccountResource.AccountResourceException,4,0,0,0,2,0,1,0,1,0
LEB App Server,com.leb.app.web.rest,RequestResource,240,0,14,0,51,0,15,0,8,0
LEB App Server,com.leb.app.web.rest,DimensionsResource,240,0,14,0,51,0,15,0,8,0
LEB App Server,com.leb.app.web.rest,UserInfoResource,240,0,14,0,51,0,15,0,8,0
LEB App Server,com.leb.app.web.rest,UserJWTController.JWTToken,13,0,0,0,6,0,3,0,3,0
LEB App Server,com.leb.app.web.rest,ClientForwardController,0,5,0,0,0,2,0,2,0,2
LEB App Server,com.leb.app.web.rest,PointResource,240,0,14,0,51,0,15,0,8,0
LEB App Server,com.leb.app.service,InvalidPasswordException,4,0,0,0,2,0,1,0,1,0
LEB App Server,com.leb.app.service,RidePathQueryService,165,0,16,0,37,0,15,0,7,0
LEB App Server,com.leb.app.service,MailService,181,0,2,0,42,0,7,0,6,0
LEB App Server,com.leb.app.service,DimensionsQueryService,136,0,12,0,29,0,12,0,6,0
LEB App Server,com.leb.app.service,PointQueryService,194,0,20,0,43,0,18,0,8,0
LEB App Server,com.leb.app.service,EmailAlreadyUsedException,4,0,0,0,2,0,1,0,1,0
LEB App Server,com.leb.app.service,TransporterQueryService,205,0,22,0,49,0,19,0,8,0
LEB App Server,com.leb.app.service,UserInfoQueryService,140,0,14,0,29,0,12,0,5,0
LEB App Server,com.leb.app.service,DeliveryManQueryService,187,0,20,0,42,0,17,0,7,0
LEB App Server,com.leb.app.service,ProducerQueryService,176,0,18,0,37,0,16,0,7,0
LEB App Server,com.leb.app.service,RequestQueryService,304,0,40,0,64,0,28,0,8,0
LEB App Server,com.leb.app.service,UserService,856,0,30,0,242,0,50,0,35,0
LEB App Server,com.leb.app.service,UsernameAlreadyUsedException,4,0,0,0,2,0,1,0,1,0
LEB App Server,com.leb.app.service,ZoneQueryService,132,0,10,0,31,0,12,0,7,0
